0 info it worked if it ends with ok
1 verbose cli [ 'C:\\Program Files\\nodejs\\node.exe',
1 verbose cli   'C:\\Program Files\\nodejs\\node_modules\\npm\\bin\\npm-cli.js',
1 verbose cli   'start' ]
2 info using npm@3.9.3
3 info using node@v6.2.1
4 verbose run-script [ 'prestart', 'start', 'poststart' ]
5 info lifecycle learn-redux@1.0.0~prestart: learn-redux@1.0.0
6 silly lifecycle learn-redux@1.0.0~prestart: no script for prestart, continuing
7 info lifecycle learn-redux@1.0.0~start: learn-redux@1.0.0
8 verbose lifecycle learn-redux@1.0.0~start: unsafe-perm in lifecycle true
9 verbose lifecycle learn-redux@1.0.0~start: PATH: C:\Program Files\nodejs\node_modules\npm\bin\node-gyp-bin;D:\Shared\MyFiles\NetMind\JJD 191-React\StudentWork\LabReduxThunk\node_modules\.bin;C:\Program Files\nodejs;C:\ProgramData\Oracle\Java\javapath;C:\WINDOWS\system32;C:\WINDOWS;C:\WINDOWS\System32\Wbem;C:\WINDOWS\System32\WindowsPowerShell\v1.0\;C:\Program Files (x86)\Toshiba\Bluetooth Toshiba Stack\sys\;C:\Program Files (x86)\Toshiba\Bluetooth Toshiba Stack\sys\x64\;C:\Program Files (x86)\Skype\Phone\;C:\Program Files (x86)\Java\jre7\bin;C:\WINDOWS\system32\config\systemprofile\.dnx\bin;C:\Program Files\Microsoft DNX\Dnvm\;D:\Program Files\Git\cmd;C:\Program Files\nodejs\;D:\Shared\MyApps\Apache-Subversion-1.9.2\bin;D:\Shared\MyApps\apache-maven-3.3.3\bin;C:\Program Files (x86)\Microsoft Emulator Manager\1.0\;C:\Ruby21\bin;C:\Ruby23\bin;C:\Ruby22-x64\bin;C:\Users\User\AppData\Roaming\npm;C:\Users\User\AppData\Local\Microsoft\WindowsApps;D:\Program Files\curl_745_0_ssl
10 verbose lifecycle learn-redux@1.0.0~start: CWD: D:\Shared\MyFiles\NetMind\JJD 191-React\StudentWork\LabReduxThunk
11 silly lifecycle learn-redux@1.0.0~start: Args: [ '/d /s /c', 'node devServer.js' ]
12 silly lifecycle learn-redux@1.0.0~start: Returned: code: 1  signal: null
13 info lifecycle learn-redux@1.0.0~start: Failed to exec start script
14 verbose stack Error: learn-redux@1.0.0 start: `node devServer.js`
14 verbose stack Exit status 1
14 verbose stack     at EventEmitter.<anonymous> (C:\Program Files\nodejs\node_modules\npm\lib\utils\lifecycle.js:245:16)
14 verbose stack     at emitTwo (events.js:106:13)
14 verbose stack     at EventEmitter.emit (events.js:191:7)
14 verbose stack     at ChildProcess.<anonymous> (C:\Program Files\nodejs\node_modules\npm\lib\utils\spawn.js:24:14)
14 verbose stack     at emitTwo (events.js:106:13)
14 verbose stack     at ChildProcess.emit (events.js:191:7)
14 verbose stack     at maybeClose (internal/child_process.js:852:16)
14 verbose stack     at Process.ChildProcess._handle.onexit (internal/child_process.js:215:5)
15 verbose pkgid learn-redux@1.0.0
16 verbose cwd D:\Shared\MyFiles\NetMind\JJD 191-React\StudentWork\LabReduxThunk
17 error Windows_NT 10.0.14393
18 error argv "C:\\Program Files\\nodejs\\node.exe" "C:\\Program Files\\nodejs\\node_modules\\npm\\bin\\npm-cli.js" "start"
19 error node v6.2.1
20 error npm  v3.9.3
21 error code ELIFECYCLE
22 error learn-redux@1.0.0 start: `node devServer.js`
22 error Exit status 1
23 error Failed at the learn-redux@1.0.0 start script 'node devServer.js'.
23 error Make sure you have the latest version of node.js and npm installed.
23 error If you do, this is most likely a problem with the learn-redux package,
23 error not with npm itself.
23 error Tell the author that this fails on your system:
23 error     node devServer.js
23 error You can get information on how to open an issue for this project with:
23 error     npm bugs learn-redux
23 error Or if that isn't available, you can get their info via:
23 error     npm owner ls learn-redux
23 error There is likely additional logging output above.
24 verbose exit [ 1, true ]
